[2017-04-03 05:17:39] production.ERROR: ErrorException: file_get_contents(/var/www/.env): failed to open stream: No such file or directory in /var/www/vendor/laravel/framework/src/Illuminate/Foundation/Console/KeyGenerateCommand.php:95
Stack trace:
#0 [internal function]: Illuminate\Foundation\Bootstrap\HandleExceptions->handleError(2, 'file_get_conten...', '/var/www/vendor...', 95, Array)
#1 /var/www/vendor/laravel/framework/src/Illuminate/Foundation/Console/KeyGenerateCommand.php(95): file_get_contents('/var/www/.env')
#2 /var/www/vendor/laravel/framework/src/Illuminate/Foundation/Console/KeyGenerateCommand.php(79): Illuminate\Foundation\Console\KeyGenerateCommand->writeNewEnvironmentFileWith('base64:0zS2gSNi...')
#3 /var/www/vendor/laravel/framework/src/Illuminate/Foundation/Console/KeyGenerateCommand.php(44): Illuminate\Foundation\Console\KeyGenerateCommand->setKeyInEnvironmentFile('base64:0zS2gSNi...')
#4 [internal function]: Illuminate\Foundation\Console\KeyGenerateCommand->fire()
#5 /var/www/vendor/laravel/framework/src/Illuminate/Container/BoundMethod.php(29): call_user_func_array(Array, Array)
#6 /var/www/vendor/laravel/framework/src/Illuminate/Container/BoundMethod.php(87): Illuminate\Container\BoundMethod::Illuminate\Container\{closure}()
#7 /var/www/vendor/laravel/framework/src/Illuminate/Container/BoundMethod.php(31): Illuminate\Container\BoundMethod::callBoundMethod(Object(Illuminate\Foundation\Application), Array, Object(Closure))
#8 /var/www/vendor/laravel/framework/src/Illuminate/Container/Container.php(531): Illuminate\Container\BoundMethod::call(Object(Illuminate\Foundation\Application), Array, Array, NULL)
#9 /var/www/vendor/laravel/framework/src/Illuminate/Console/Command.php(182): Illuminate\Container\Container->call(Array)
#10 /var/www/vendor/symfony/console/Command/Command.php(265): Illuminate\Console\Command->execute(Object(Symfony\Component\Console\Input\ArgvInput), Object(Illuminate\Console\OutputStyle))
#11 /var/www/vendor/laravel/framework/src/Illuminate/Console/Command.php(167): Symfony\Component\Console\Command\Command->run(Object(Symfony\Component\Console\Input\ArgvInput), Object(Illuminate\Console\OutputStyle))
#12 /var/www/vendor/symfony/console/Application.php(826): Illuminate\Console\Command->run(Object(Symfony\Component\Console\Input\ArgvInput), Object(Symfony\Component\Console\Output\ConsoleOutput))
#13 /var/www/vendor/symfony/console/Application.php(189): Symfony\Component\Console\Application->doRunCommand(Object(Illuminate\Foundation\Console\KeyGenerateCommand), Object(Symfony\Component\Console\Input\ArgvInput), Object(Symfony\Component\Console\Output\ConsoleOutput))
#14 /var/www/vendor/symfony/console/Application.php(120): Symfony\Component\Console\Application->doRun(Object(Symfony\Component\Console\Input\ArgvInput), Object(Symfony\Component\Console\Output\ConsoleOutput))
#15 /var/www/vendor/laravel/framework/src/Illuminate/Foundation/Console/Kernel.php(123): Symfony\Component\Console\Application->run(Object(Symfony\Component\Console\Input\ArgvInput), Object(Symfony\Component\Console\Output\ConsoleOutput))
#16 /var/www/artisan(35): Illuminate\Foundation\Console\Kernel->handle(Object(Symfony\Component\Console\Input\ArgvInput), Object(Symfony\Component\Console\Output\ConsoleOutput))
#17 {main}  
[2017-04-03 05:18:55] local.ERROR: Symfony\Component\Debug\Exception\FatalThrowableError: Class 'Predis\Client' not found in /var/www/vendor/laravel/framework/src/Illuminate/Redis/Connectors/PredisConnector.php:21
Stack trace:
#0 /var/www/vendor/laravel/framework/src/Illuminate/Redis/RedisManager.php(74): Illuminate\Redis\Connectors\PredisConnector->connect(Array, Array)
#1 /var/www/vendor/laravel/framework/src/Illuminate/Redis/RedisManager.php(58): Illuminate\Redis\RedisManager->resolve('default')
#2 /var/www/vendor/laravel/framework/src/Illuminate/Cache/RedisStore.php(211): Illuminate\Redis\RedisManager->connection('default')
#3 /var/www/vendor/laravel/framework/src/Illuminate/Cache/RedisStore.php(54): Illuminate\Cache\RedisStore->connection()
#4 /var/www/vendor/laravel/framework/src/Illuminate/Cache/Repository.php(81): Illuminate\Cache\RedisStore->get('BRm26UrpkuY7jzz...')
#5 /var/www/vendor/laravel/framework/src/Illuminate/Session/CacheBasedSessionHandler.php(58): Illuminate\Cache\Repository->get('BRm26UrpkuY7jzz...', '')
#6 /var/www/vendor/laravel/framework/src/Illuminate/Session/Store.php(96): Illuminate\Session\CacheBasedSessionHandler->read('BRm26UrpkuY7jzz...')
#7 /var/www/vendor/laravel/framework/src/Illuminate/Session/Store.php(86): Illuminate\Session\Store->readFromHandler()
#8 /var/www/vendor/laravel/framework/src/Illuminate/Session/Store.php(70): Illuminate\Session\Store->loadSession()
#9 /var/www/vendor/laravel/framework/src/Illuminate/Session/Middleware/StartSession.php(103): Illuminate\Session\Store->start()
#10 /var/www/vendor/laravel/framework/src/Illuminate/Support/helpers.php(878): Illuminate\Session\Middleware\StartSession->Illuminate\Session\Middleware\{closure}(Object(Illuminate\Session\Store))
#11 /var/www/vendor/laravel/framework/src/Illuminate/Session/Middleware/StartSession.php(104): tap(Object(Illuminate\Session\Store), Object(Closure))
#12 /var/www/vendor/laravel/framework/src/Illuminate/Session/Middleware/StartSession.php(58): Illuminate\Session\Middleware\StartSession->startSession(Object(Illuminate\Http\Request))
#13 /var/www/vendor/laravel/framework/src/Illuminate/Pipeline/Pipeline.php(148): Illuminate\Session\Middleware\StartSession->handle(Object(Illuminate\Http\Request), Object(Closure))
#14 /var/www/vendor/laravel/framework/src/Illuminate/Routing/Pipeline.php(53): Illuminate\Pipeline\Pipeline->Illuminate\Pipeline\{closure}(Object(Illuminate\Http\Request))
#15 /var/www/vendor/laravel/framework/src/Illuminate/Cookie/Middleware/AddQueuedCookiesToResponse.php(37): Illuminate\Routing\Pipeline->Illuminate\Routing\{closure}(Object(Illuminate\Http\Request))
#16 /var/www/vendor/laravel/framework/src/Illuminate/Pipeline/Pipeline.php(148): Illuminate\Cookie\Middleware\AddQueuedCookiesToResponse->handle(Object(Illuminate\Http\Request), Object(Closure))
#17 /var/www/vendor/laravel/framework/src/Illuminate/Routing/Pipeline.php(53): Illuminate\Pipeline\Pipeline->Illuminate\Pipeline\{closure}(Object(Illuminate\Http\Request))
#18 /var/www/vendor/laravel/framework/src/Illuminate/Cookie/Middleware/EncryptCookies.php(59): Illuminate\Routing\Pipeline->Illuminate\Routing\{closure}(Object(Illuminate\Http\Request))
#19 /var/www/vendor/laravel/framework/src/Illuminate/Pipeline/Pipeline.php(148): Illuminate\Cookie\Middleware\EncryptCookies->handle(Object(Illuminate\Http\Request), Object(Closure))
#20 /var/www/vendor/laravel/framework/src/Illuminate/Routing/Pipeline.php(53): Illuminate\Pipeline\Pipeline->Illuminate\Pipeline\{closure}(Object(Illuminate\Http\Request))
#21 /var/www/vendor/laravel/framework/src/Illuminate/Pipeline/Pipeline.php(102): Illuminate\Routing\Pipeline->Illuminate\Routing\{closure}(Object(Illuminate\Http\Request))
#22 /var/www/vendor/laravel/framework/src/Illuminate/Routing/Router.php(561): Illuminate\Pipeline\Pipeline->then(Object(Closure))
#23 /var/www/vendor/laravel/framework/src/Illuminate/Routing/Router.php(520): Illuminate\Routing\Router->runRouteWithinStack(Object(Illuminate\Routing\Route), Object(Illuminate\Http\Request))
#24 /var/www/vendor/laravel/framework/src/Illuminate/Routing/Router.php(498): Illuminate\Routing\Router->dispatchToRoute(Object(Illuminate\Http\Request))
#25 /var/www/vendor/laravel/framework/src/Illuminate/Foundation/Http/Kernel.php(174): Illuminate\Routing\Router->dispatch(Object(Illuminate\Http\Request))
#26 /var/www/vendor/laravel/framework/src/Illuminate/Routing/Pipeline.php(30): Illuminate\Foundation\Http\Kernel->Illuminate\Foundation\Http\{closure}(Object(Illuminate\Http\Request))
#27 /var/www/vendor/laravel/framework/src/Illuminate/Foundation/Http/Middleware/TransformsRequest.php(30): Illuminate\Routing\Pipeline->Illuminate\Routing\{closure}(Object(Illuminate\Http\Request))
#28 /var/www/vendor/laravel/framework/src/Illuminate/Pipeline/Pipeline.php(148): Illuminate\Foundation\Http\Middleware\TransformsRequest->handle(Object(Illuminate\Http\Request), Object(Closure))
#29 /var/www/vendor/laravel/framework/src/Illuminate/Routing/Pipeline.php(53): Illuminate\Pipeline\Pipeline->Illuminate\Pipeline\{closure}(Object(Illuminate\Http\Request))
#30 /var/www/vendor/laravel/framework/src/Illuminate/Foundation/Http/Middleware/TransformsRequest.php(30): Illuminate\Routing\Pipeline->Illuminate\Routing\{closure}(Object(Illuminate\Http\Request))
#31 /var/www/vendor/laravel/framework/src/Illuminate/Pipeline/Pipeline.php(148): Illuminate\Foundation\Http\Middleware\TransformsRequest->handle(Object(Illuminate\Http\Request), Object(Closure))
#32 /var/www/vendor/laravel/framework/src/Illuminate/Routing/Pipeline.php(53): Illuminate\Pipeline\Pipeline->Illuminate\Pipeline\{closure}(Object(Illuminate\Http\Request))
#33 /var/www/vendor/laravel/framework/src/Illuminate/Foundation/Http/Middleware/ValidatePostSize.php(27): Illuminate\Routing\Pipeline->Illuminate\Routing\{closure}(Object(Illuminate\Http\Request))
#34 /var/www/vendor/laravel/framework/src/Illuminate/Pipeline/Pipeline.php(148): Illuminate\Foundation\Http\Middleware\ValidatePostSize->handle(Object(Illuminate\Http\Request), Object(Closure))
#35 /var/www/vendor/laravel/framework/src/Illuminate/Routing/Pipeline.php(53): Illuminate\Pipeline\Pipeline->Illuminate\Pipeline\{closure}(Object(Illuminate\Http\Request))
#36 /var/www/vendor/laravel/framework/src/Illuminate/Foundation/Http/Middleware/CheckForMaintenanceMode.php(46): Illuminate\Routing\Pipeline->Illuminate\Routing\{closure}(Object(Illuminate\Http\Request))
#37 /var/www/vendor/laravel/framework/src/Illuminate/Pipeline/Pipeline.php(148): Illuminate\Foundation\Http\Middleware\CheckForMaintenanceMode->handle(Object(Illuminate\Http\Request), Object(Closure))
#38 /var/www/vendor/laravel/framework/src/Illuminate/Routing/Pipeline.php(53): Illuminate\Pipeline\Pipeline->Illuminate\Pipeline\{closure}(Object(Illuminate\Http\Request))
#39 /var/www/vendor/laravel/framework/src/Illuminate/Pipeline/Pipeline.php(102): Illuminate\Routing\Pipeline->Illuminate\Routing\{closure}(Object(Illuminate\Http\Request))
#40 /var/www/vendor/laravel/framework/src/Illuminate/Foundation/Http/Kernel.php(149): Illuminate\Pipeline\Pipeline->then(Object(Closure))
#41 /var/www/vendor/laravel/framework/src/Illuminate/Foundation/Http/Kernel.php(116): Illuminate\Foundation\Http\Kernel->sendRequestThroughRouter(Object(Illuminate\Http\Request))
#42 /var/www/public/index.php(53): Illuminate\Foundation\Http\Kernel->handle(Object(Illuminate\Http\Request))
#43 {main}  
[2017-04-03 05:18:55] local.ERROR: Symfony\Component\Debug\Exception\FatalThrowableError: Class 'Predis\Client' not found in /var/www/vendor/laravel/framework/src/Illuminate/Redis/Connectors/PredisConnector.php:21
Stack trace:
#0 /var/www/vendor/laravel/framework/src/Illuminate/Redis/RedisManager.php(74): Illuminate\Redis\Connectors\PredisConnector->connect(Array, Array)
#1 /var/www/vendor/laravel/framework/src/Illuminate/Redis/RedisManager.php(58): Illuminate\Redis\RedisManager->resolve('default')
#2 /var/www/vendor/laravel/framework/src/Illuminate/Cache/RedisStore.php(211): Illuminate\Redis\RedisManager->connection('default')
#3 /var/www/vendor/laravel/framework/src/Illuminate/Cache/RedisStore.php(92): Illuminate\Cache\RedisStore->connection()
#4 /var/www/vendor/laravel/framework/src/Illuminate/Cache/Repository.php(172): Illuminate\Cache\RedisStore->put('BRm26UrpkuY7jzz...', 'a:1:{s:6:"_flas...', 120)
#5 /var/www/vendor/laravel/framework/src/Illuminate/Session/CacheBasedSessionHandler.php(66): Illuminate\Cache\Repository->put('BRm26UrpkuY7jzz...', 'a:1:{s:6:"_flas...', 120)
#6 /var/www/vendor/laravel/framework/src/Illuminate/Session/Store.php(128): Illuminate\Session\CacheBasedSessionHandler->write('BRm26UrpkuY7jzz...', 'a:1:{s:6:"_flas...')
#7 /var/www/vendor/laravel/framework/src/Illuminate/Session/Middleware/StartSession.php(88): Illuminate\Session\Store->save()
#8 /var/www/vendor/laravel/framework/src/Illuminate/Foundation/Http/Kernel.php(216): Illuminate\Session\Middleware\StartSession->terminate(Object(Illuminate\Http\Request), Object(Illuminate\Http\Response))
#9 /var/www/vendor/laravel/framework/src/Illuminate/Foundation/Http/Kernel.php(187): Illuminate\Foundation\Http\Kernel->terminateMiddleware(Object(Illuminate\Http\Request), Object(Illuminate\Http\Response))
#10 /var/www/public/index.php(58): Illuminate\Foundation\Http\Kernel->terminate(Object(Illuminate\Http\Request), Object(Illuminate\Http\Response))
#11 {main}  
[2017-04-03 05:18:56] local.ERROR: Symfony\Component\Debug\Exception\FatalThrowableError: Class 'Predis\Client' not found in /var/www/vendor/laravel/framework/src/Illuminate/Redis/Connectors/PredisConnector.php:21
Stack trace:
#0 /var/www/vendor/laravel/framework/src/Illuminate/Redis/RedisManager.php(74): Illuminate\Redis\Connectors\PredisConnector->connect(Array, Array)
#1 /var/www/vendor/laravel/framework/src/Illuminate/Redis/RedisManager.php(58): Illuminate\Redis\RedisManager->resolve('default')
#2 /var/www/vendor/laravel/framework/src/Illuminate/Cache/RedisStore.php(211): Illuminate\Redis\RedisManager->connection('default')
#3 /var/www/vendor/laravel/framework/src/Illuminate/Cache/RedisStore.php(54): Illuminate\Cache\RedisStore->connection()
#4 /var/www/vendor/laravel/framework/src/Illuminate/Cache/Repository.php(81): Illuminate\Cache\RedisStore->get('MNswWXq8aX40NTT...')
#5 /var/www/vendor/laravel/framework/src/Illuminate/Session/CacheBasedSessionHandler.php(58): Illuminate\Cache\Repository->get('MNswWXq8aX40NTT...', '')
#6 /var/www/vendor/laravel/framework/src/Illuminate/Session/Store.php(96): Illuminate\Session\CacheBasedSessionHandler->read('MNswWXq8aX40NTT...')
#7 /var/www/vendor/laravel/framework/src/Illuminate/Session/Store.php(86): Illuminate\Session\Store->readFromHandler()
#8 /var/www/vendor/laravel/framework/src/Illuminate/Session/Store.php(70): Illuminate\Session\Store->loadSession()
#9 /var/www/vendor/laravel/framework/src/Illuminate/Session/Middleware/StartSession.php(103): Illuminate\Session\Store->start()
#10 /var/www/vendor/laravel/framework/src/Illuminate/Support/helpers.php(878): Illuminate\Session\Middleware\StartSession->Illuminate\Session\Middleware\{closure}(Object(Illuminate\Session\Store))
#11 /var/www/vendor/laravel/framework/src/Illuminate/Session/Middleware/StartSession.php(104): tap(Object(Illuminate\Session\Store), Object(Closure))
#12 /var/www/vendor/laravel/framework/src/Illuminate/Session/Middleware/StartSession.php(58): Illuminate\Session\Middleware\StartSession->startSession(Object(Illuminate\Http\Request))
#13 /var/www/vendor/laravel/framework/src/Illuminate/Pipeline/Pipeline.php(148): Illuminate\Session\Middleware\StartSession->handle(Object(Illuminate\Http\Request), Object(Closure))
#14 /var/www/vendor/laravel/framework/src/Illuminate/Routing/Pipeline.php(53): Illuminate\Pipeline\Pipeline->Illuminate\Pipeline\{closure}(Object(Illuminate\Http\Request))
#15 /var/www/vendor/laravel/framework/src/Illuminate/Cookie/Middleware/AddQueuedCookiesToResponse.php(37): Illuminate\Routing\Pipeline->Illuminate\Routing\{closure}(Object(Illuminate\Http\Request))
#16 /var/www/vendor/laravel/framework/src/Illuminate/Pipeline/Pipeline.php(148): Illuminate\Cookie\Middleware\AddQueuedCookiesToResponse->handle(Object(Illuminate\Http\Request), Object(Closure))
#17 /var/www/vendor/laravel/framework/src/Illuminate/Routing/Pipeline.php(53): Illuminate\Pipeline\Pipeline->Illuminate\Pipeline\{closure}(Object(Illuminate\Http\Request))
#18 /var/www/vendor/laravel/framework/src/Illuminate/Cookie/Middleware/EncryptCookies.php(59): Illuminate\Routing\Pipeline->Illuminate\Routing\{closure}(Object(Illuminate\Http\Request))
#19 /var/www/vendor/laravel/framework/src/Illuminate/Pipeline/Pipeline.php(148): Illuminate\Cookie\Middleware\EncryptCookies->handle(Object(Illuminate\Http\Request), Object(Closure))
#20 /var/www/vendor/laravel/framework/src/Illuminate/Routing/Pipeline.php(53): Illuminate\Pipeline\Pipeline->Illuminate\Pipeline\{closure}(Object(Illuminate\Http\Request))
#21 /var/www/vendor/laravel/framework/src/Illuminate/Pipeline/Pipeline.php(102): Illuminate\Routing\Pipeline->Illuminate\Routing\{closure}(Object(Illuminate\Http\Request))
#22 /var/www/vendor/laravel/framework/src/Illuminate/Routing/Router.php(561): Illuminate\Pipeline\Pipeline->then(Object(Closure))
#23 /var/www/vendor/laravel/framework/src/Illuminate/Routing/Router.php(520): Illuminate\Routing\Router->runRouteWithinStack(Object(Illuminate\Routing\Route), Object(Illuminate\Http\Request))
#24 /var/www/vendor/laravel/framework/src/Illuminate/Routing/Router.php(498): Illuminate\Routing\Router->dispatchToRoute(Object(Illuminate\Http\Request))
#25 /var/www/vendor/laravel/framework/src/Illuminate/Foundation/Http/Kernel.php(174): Illuminate\Routing\Router->dispatch(Object(Illuminate\Http\Request))
#26 /var/www/vendor/laravel/framework/src/Illuminate/Routing/Pipeline.php(30): Illuminate\Foundation\Http\Kernel->Illuminate\Foundation\Http\{closure}(Object(Illuminate\Http\Request))
#27 /var/www/vendor/laravel/framework/src/Illuminate/Foundation/Http/Middleware/TransformsRequest.php(30): Illuminate\Routing\Pipeline->Illuminate\Routing\{closure}(Object(Illuminate\Http\Request))
#28 /var/www/vendor/laravel/framework/src/Illuminate/Pipeline/Pipeline.php(148): Illuminate\Foundation\Http\Middleware\TransformsRequest->handle(Object(Illuminate\Http\Request), Object(Closure))
#29 /var/www/vendor/laravel/framework/src/Illuminate/Routing/Pipeline.php(53): Illuminate\Pipeline\Pipeline->Illuminate\Pipeline\{closure}(Object(Illuminate\Http\Request))
#30 /var/www/vendor/laravel/framework/src/Illuminate/Foundation/Http/Middleware/TransformsRequest.php(30): Illuminate\Routing\Pipeline->Illuminate\Routing\{closure}(Object(Illuminate\Http\Request))
#31 /var/www/vendor/laravel/framework/src/Illuminate/Pipeline/Pipeline.php(148): Illuminate\Foundation\Http\Middleware\TransformsRequest->handle(Object(Illuminate\Http\Request), Object(Closure))
#32 /var/www/vendor/laravel/framework/src/Illuminate/Routing/Pipeline.php(53): Illuminate\Pipeline\Pipeline->Illuminate\Pipeline\{closure}(Object(Illuminate\Http\Request))
#33 /var/www/vendor/laravel/framework/src/Illuminate/Foundation/Http/Middleware/ValidatePostSize.php(27): Illuminate\Routing\Pipeline->Illuminate\Routing\{closure}(Object(Illuminate\Http\Request))
#34 /var/www/vendor/laravel/framework/src/Illuminate/Pipeline/Pipeline.php(148): Illuminate\Foundation\Http\Middleware\ValidatePostSize->handle(Object(Illuminate\Http\Request), Object(Closure))
#35 /var/www/vendor/laravel/framework/src/Illuminate/Routing/Pipeline.php(53): Illuminate\Pipeline\Pipeline->Illuminate\Pipeline\{closure}(Object(Illuminate\Http\Request))
#36 /var/www/vendor/laravel/framework/src/Illuminate/Foundation/Http/Middleware/CheckForMaintenanceMode.php(46): Illuminate\Routing\Pipeline->Illuminate\Routing\{closure}(Object(Illuminate\Http\Request))
#37 /var/www/vendor/laravel/framework/src/Illuminate/Pipeline/Pipeline.php(148): Illuminate\Foundation\Http\Middleware\CheckForMaintenanceMode->handle(Object(Illuminate\Http\Request), Object(Closure))
#38 /var/www/vendor/laravel/framework/src/Illuminate/Routing/Pipeline.php(53): Illuminate\Pipeline\Pipeline->Illuminate\Pipeline\{closure}(Object(Illuminate\Http\Request))
#39 /var/www/vendor/laravel/framework/src/Illuminate/Pipeline/Pipeline.php(102): Illuminate\Routing\Pipeline->Illuminate\Routing\{closure}(Object(Illuminate\Http\Request))
#40 /var/www/vendor/laravel/framework/src/Illuminate/Foundation/Http/Kernel.php(149): Illuminate\Pipeline\Pipeline->then(Object(Closure))
#41 /var/www/vendor/laravel/framework/src/Illuminate/Foundation/Http/Kernel.php(116): Illuminate\Foundation\Http\Kernel->sendRequestThroughRouter(Object(Illuminate\Http\Request))
#42 /var/www/public/index.php(53): Illuminate\Foundation\Http\Kernel->handle(Object(Illuminate\Http\Request))
#43 {main}  
[2017-04-03 05:18:56] local.ERROR: Symfony\Component\Debug\Exception\FatalThrowableError: Class 'Predis\Client' not found in /var/www/vendor/laravel/framework/src/Illuminate/Redis/Connectors/PredisConnector.php:21
Stack trace:
#0 /var/www/vendor/laravel/framework/src/Illuminate/Redis/RedisManager.php(74): Illuminate\Redis\Connectors\PredisConnector->connect(Array, Array)
#1 /var/www/vendor/laravel/framework/src/Illuminate/Redis/RedisManager.php(58): Illuminate\Redis\RedisManager->resolve('default')
#2 /var/www/vendor/laravel/framework/src/Illuminate/Cache/RedisStore.php(211): Illuminate\Redis\RedisManager->connection('default')
#3 /var/www/vendor/laravel/framework/src/Illuminate/Cache/RedisStore.php(92): Illuminate\Cache\RedisStore->connection()
#4 /var/www/vendor/laravel/framework/src/Illuminate/Cache/Repository.php(172): Illuminate\Cache\RedisStore->put('MNswWXq8aX40NTT...', 'a:1:{s:6:"_flas...', 120)
#5 /var/www/vendor/laravel/framework/src/Illuminate/Session/CacheBasedSessionHandler.php(66): Illuminate\Cache\Repository->put('MNswWXq8aX40NTT...', 'a:1:{s:6:"_flas...', 120)
#6 /var/www/vendor/laravel/framework/src/Illuminate/Session/Store.php(128): Illuminate\Session\CacheBasedSessionHandler->write('MNswWXq8aX40NTT...', 'a:1:{s:6:"_flas...')
#7 /var/www/vendor/laravel/framework/src/Illuminate/Session/Middleware/StartSession.php(88): Illuminate\Session\Store->save()
#8 /var/www/vendor/laravel/framework/src/Illuminate/Foundation/Http/Kernel.php(216): Illuminate\Session\Middleware\StartSession->terminate(Object(Illuminate\Http\Request), Object(Illuminate\Http\Response))
#9 /var/www/vendor/laravel/framework/src/Illuminate/Foundation/Http/Kernel.php(187): Illuminate\Foundation\Http\Kernel->terminateMiddleware(Object(Illuminate\Http\Request), Object(Illuminate\Http\Response))
#10 /var/www/public/index.php(58): Illuminate\Foundation\Http\Kernel->terminate(Object(Illuminate\Http\Request), Object(Illuminate\Http\Response))
#11 {main}  
[2017-04-03 05:19:27] local.ERROR: Predis\Connection\ConnectionException: Connection refused [tcp://127.0.0.1:6379] in /var/www/vendor/predis/predis/src/Connection/AbstractConnection.php:155
Stack trace:
#0 /var/www/vendor/predis/predis/src/Connection/StreamConnection.php(128): Predis\Connection\AbstractConnection->onConnectionError('Connection refu...', 111)
#1 /var/www/vendor/predis/predis/src/Connection/StreamConnection.php(178): Predis\Connection\StreamConnection->createStreamSocket(Object(Predis\Connection\Parameters), 'tcp://127.0.0.1...', 4)
#2 /var/www/vendor/predis/predis/src/Connection/StreamConnection.php(100): Predis\Connection\StreamConnection->tcpStreamInitializer(Object(Predis\Connection\Parameters))
#3 /var/www/vendor/predis/predis/src/Connection/AbstractConnection.php(81): Predis\Connection\StreamConnection->createResource()
#4 /var/www/vendor/predis/predis/src/Connection/StreamConnection.php(258): Predis\Connection\AbstractConnection->connect()
#5 /var/www/vendor/predis/predis/src/Connection/AbstractConnection.php(180): Predis\Connection\StreamConnection->connect()
#6 /var/www/vendor/predis/predis/src/Connection/StreamConnection.php(288): Predis\Connection\AbstractConnection->getResource()
#7 /var/www/vendor/predis/predis/src/Connection/StreamConnection.php(394): Predis\Connection\StreamConnection->write('*2\r\n$3\r\nGET\r\n$4...')
#8 /var/www/vendor/predis/predis/src/Connection/AbstractConnection.php(110): Predis\Connection\StreamConnection->writeRequest(Object(Predis\Command\StringGet))
#9 /var/www/vendor/predis/predis/src/Client.php(331): Predis\Connection\AbstractConnection->executeCommand(Object(Predis\Command\StringGet))
#10 /var/www/vendor/predis/predis/src/Client.php(314): Predis\Client->executeCommand(Object(Predis\Command\StringGet))
#11 /var/www/vendor/laravel/framework/src/Illuminate/Redis/Connections/Connection.php(69): Predis\Client->__call('get', Array)
#12 /var/www/vendor/laravel/framework/src/Illuminate/Redis/Connections/Connection.php(81): Illuminate\Redis\Connections\Connection->command('get', Array)
#13 /var/www/vendor/laravel/framework/src/Illuminate/Cache/RedisStore.php(54): Illuminate\Redis\Connections\Connection->__call('get', Array)
#14 /var/www/vendor/laravel/framework/src/Illuminate/Cache/Repository.php(81): Illuminate\Cache\RedisStore->get('s7uROchix35Mo7T...')
#15 /var/www/vendor/laravel/framework/src/Illuminate/Session/CacheBasedSessionHandler.php(58): Illuminate\Cache\Repository->get('s7uROchix35Mo7T...', '')
#16 /var/www/vendor/laravel/framework/src/Illuminate/Session/Store.php(96): Illuminate\Session\CacheBasedSessionHandler->read('s7uROchix35Mo7T...')
#17 /var/www/vendor/laravel/framework/src/Illuminate/Session/Store.php(86): Illuminate\Session\Store->readFromHandler()
#18 /var/www/vendor/laravel/framework/src/Illuminate/Session/Store.php(70): Illuminate\Session\Store->loadSession()
#19 /var/www/vendor/laravel/framework/src/Illuminate/Session/Middleware/StartSession.php(103): Illuminate\Session\Store->start()
#20 /var/www/vendor/laravel/framework/src/Illuminate/Support/helpers.php(878): Illuminate\Session\Middleware\StartSession->Illuminate\Session\Middleware\{closure}(Object(Illuminate\Session\Store))
#21 /var/www/vendor/laravel/framework/src/Illuminate/Session/Middleware/StartSession.php(104): tap(Object(Illuminate\Session\Store), Object(Closure))
#22 /var/www/vendor/laravel/framework/src/Illuminate/Session/Middleware/StartSession.php(58): Illuminate\Session\Middleware\StartSession->startSession(Object(Illuminate\Http\Request))
#23 /var/www/vendor/laravel/framework/src/Illuminate/Pipeline/Pipeline.php(148): Illuminate\Session\Middleware\StartSession->handle(Object(Illuminate\Http\Request), Object(Closure))
#24 /var/www/vendor/laravel/framework/src/Illuminate/Routing/Pipeline.php(53): Illuminate\Pipeline\Pipeline->Illuminate\Pipeline\{closure}(Object(Illuminate\Http\Request))
#25 /var/www/vendor/laravel/framework/src/Illuminate/Cookie/Middleware/AddQueuedCookiesToResponse.php(37): Illuminate\Routing\Pipeline->Illuminate\Routing\{closure}(Object(Illuminate\Http\Request))
#26 /var/www/vendor/laravel/framework/src/Illuminate/Pipeline/Pipeline.php(148): Illuminate\Cookie\Middleware\AddQueuedCookiesToResponse->handle(Object(Illuminate\Http\Request), Object(Closure))
#27 /var/www/vendor/laravel/framework/src/Illuminate/Routing/Pipeline.php(53): Illuminate\Pipeline\Pipeline->Illuminate\Pipeline\{closure}(Object(Illuminate\Http\Request))
#28 /var/www/vendor/laravel/framework/src/Illuminate/Cookie/Middleware/EncryptCookies.php(59): Illuminate\Routing\Pipeline->Illuminate\Routing\{closure}(Object(Illuminate\Http\Request))
#29 /var/www/vendor/laravel/framework/src/Illuminate/Pipeline/Pipeline.php(148): Illuminate\Cookie\Middleware\EncryptCookies->handle(Object(Illuminate\Http\Request), Object(Closure))
#30 /var/www/vendor/laravel/framework/src/Illuminate/Routing/Pipeline.php(53): Illuminate\Pipeline\Pipeline->Illuminate\Pipeline\{closure}(Object(Illuminate\Http\Request))
#31 /var/www/vendor/laravel/framework/src/Illuminate/Pipeline/Pipeline.php(102): Illuminate\Routing\Pipeline->Illuminate\Routing\{closure}(Object(Illuminate\Http\Request))
#32 /var/www/vendor/laravel/framework/src/Illuminate/Routing/Router.php(561): Illuminate\Pipeline\Pipeline->then(Object(Closure))
#33 /var/www/vendor/laravel/framework/src/Illuminate/Routing/Router.php(520): Illuminate\Routing\Router->runRouteWithinStack(Object(Illuminate\Routing\Route), Object(Illuminate\Http\Request))
#34 /var/www/vendor/laravel/framework/src/Illuminate/Routing/Router.php(498): Illuminate\Routing\Router->dispatchToRoute(Object(Illuminate\Http\Request))
#35 /var/www/vendor/laravel/framework/src/Illuminate/Foundation/Http/Kernel.php(174): Illuminate\Routing\Router->dispatch(Object(Illuminate\Http\Request))
#36 /var/www/vendor/laravel/framework/src/Illuminate/Routing/Pipeline.php(30): Illuminate\Foundation\Http\Kernel->Illuminate\Foundation\Http\{closure}(Object(Illuminate\Http\Request))
#37 /var/www/vendor/laravel/framework/src/Illuminate/Foundation/Http/Middleware/TransformsRequest.php(30): Illuminate\Routing\Pipeline->Illuminate\Routing\{closure}(Object(Illuminate\Http\Request))
#38 /var/www/vendor/laravel/framework/src/Illuminate/Pipeline/Pipeline.php(148): Illuminate\Foundation\Http\Middleware\TransformsRequest->handle(Object(Illuminate\Http\Request), Object(Closure))
#39 /var/www/vendor/laravel/framework/src/Illuminate/Routing/Pipeline.php(53): Illuminate\Pipeline\Pipeline->Illuminate\Pipeline\{closure}(Object(Illuminate\Http\Request))
#40 /var/www/vendor/laravel/framework/src/Illuminate/Foundation/Http/Middleware/TransformsRequest.php(30): Illuminate\Routing\Pipeline->Illuminate\Routing\{closure}(Object(Illuminate\Http\Request))
#41 /var/www/vendor/laravel/framework/src/Illuminate/Pipeline/Pipeline.php(148): Illuminate\Foundation\Http\Middleware\TransformsRequest->handle(Object(Illuminate\Http\Request), Object(Closure))
#42 /var/www/vendor/laravel/framework/src/Illuminate/Routing/Pipeline.php(53): Illuminate\Pipeline\Pipeline->Illuminate\Pipeline\{closure}(Object(Illuminate\Http\Request))
#43 /var/www/vendor/laravel/framework/src/Illuminate/Foundation/Http/Middleware/ValidatePostSize.php(27): Illuminate\Routing\Pipeline->Illuminate\Routing\{closure}(Object(Illuminate\Http\Request))
#44 /var/www/vendor/laravel/framework/src/Illuminate/Pipeline/Pipeline.php(148): Illuminate\Foundation\Http\Middleware\ValidatePostSize->handle(Object(Illuminate\Http\Request), Object(Closure))
#45 /var/www/vendor/laravel/framework/src/Illuminate/Routing/Pipeline.php(53): Illuminate\Pipeline\Pipeline->Illuminate\Pipeline\{closure}(Object(Illuminate\Http\Request))
#46 /var/www/vendor/laravel/framework/src/Illuminate/Foundation/Http/Middleware/CheckForMaintenanceMode.php(46): Illuminate\Routing\Pipeline->Illuminate\Routing\{closure}(Object(Illuminate\Http\Request))
#47 /var/www/vendor/laravel/framework/src/Illuminate/Pipeline/Pipeline.php(148): Illuminate\Foundation\Http\Middleware\CheckForMaintenanceMode->handle(Object(Illuminate\Http\Request), Object(Closure))
#48 /var/www/vendor/laravel/framework/src/Illuminate/Routing/Pipeline.php(53): Illuminate\Pipeline\Pipeline->Illuminate\Pipeline\{closure}(Object(Illuminate\Http\Request))
#49 /var/www/vendor/laravel/framework/src/Illuminate/Pipeline/Pipeline.php(102): Illuminate\Routing\Pipeline->Illuminate\Routing\{closure}(Object(Illuminate\Http\Request))
#50 /var/www/vendor/laravel/framework/src/Illuminate/Foundation/Http/Kernel.php(149): Illuminate\Pipeline\Pipeline->then(Object(Closure))
#51 /var/www/vendor/laravel/framework/src/Illuminate/Foundation/Http/Kernel.php(116): Illuminate\Foundation\Http\Kernel->sendRequestThroughRouter(Object(Illuminate\Http\Request))
#52 /var/www/public/index.php(53): Illuminate\Foundation\Http\Kernel->handle(Object(Illuminate\Http\Request))
#53 {main}  
[2017-04-03 05:19:27] local.ERROR: Predis\Connection\ConnectionException: Connection refused [tcp://127.0.0.1:6379] in /var/www/vendor/predis/predis/src/Connection/AbstractConnection.php:155
Stack trace:
#0 /var/www/vendor/predis/predis/src/Connection/StreamConnection.php(128): Predis\Connection\AbstractConnection->onConnectionError('Connection refu...', 111)
#1 /var/www/vendor/predis/predis/src/Connection/StreamConnection.php(178): Predis\Connection\StreamConnection->createStreamSocket(Object(Predis\Connection\Parameters), 'tcp://127.0.0.1...', 4)
#2 /var/www/vendor/predis/predis/src/Connection/StreamConnection.php(100): Predis\Connection\StreamConnection->tcpStreamInitializer(Object(Predis\Connection\Parameters))
#3 /var/www/vendor/predis/predis/src/Connection/AbstractConnection.php(81): Predis\Connection\StreamConnection->createResource()
#4 /var/www/vendor/predis/predis/src/Connection/StreamConnection.php(258): Predis\Connection\AbstractConnection->connect()
#5 /var/www/vendor/predis/predis/src/Connection/AbstractConnection.php(180): Predis\Connection\StreamConnection->connect()
#6 /var/www/vendor/predis/predis/src/Connection/StreamConnection.php(288): Predis\Connection\AbstractConnection->getResource()
#7 /var/www/vendor/predis/predis/src/Connection/StreamConnection.php(394): Predis\Connection\StreamConnection->write('*4\r\n$5\r\nSETEX\r\n...')
#8 /var/www/vendor/predis/predis/src/Connection/AbstractConnection.php(110): Predis\Connection\StreamConnection->writeRequest(Object(Predis\Command\StringSetExpire))
#9 /var/www/vendor/predis/predis/src/Client.php(331): Predis\Connection\AbstractConnection->executeCommand(Object(Predis\Command\StringSetExpire))
#10 /var/www/vendor/predis/predis/src/Client.php(314): Predis\Client->executeCommand(Object(Predis\Command\StringSetExpire))
#11 /var/www/vendor/laravel/framework/src/Illuminate/Redis/Connections/Connection.php(69): Predis\Client->__call('setex', Array)
#12 /var/www/vendor/laravel/framework/src/Illuminate/Redis/Connections/Connection.php(81): Illuminate\Redis\Connections\Connection->command('setex', Array)
#13 /var/www/vendor/laravel/framework/src/Illuminate/Cache/RedisStore.php(93): Illuminate\Redis\Connections\Connection->__call('setex', Array)
#14 /var/www/vendor/laravel/framework/src/Illuminate/Cache/Repository.php(172): Illuminate\Cache\RedisStore->put('s7uROchix35Mo7T...', 'a:1:{s:6:"_flas...', 120)
#15 /var/www/vendor/laravel/framework/src/Illuminate/Session/CacheBasedSessionHandler.php(66): Illuminate\Cache\Repository->put('s7uROchix35Mo7T...', 'a:1:{s:6:"_flas...', 120)
#16 /var/www/vendor/laravel/framework/src/Illuminate/Session/Store.php(128): Illuminate\Session\CacheBasedSessionHandler->write('s7uROchix35Mo7T...', 'a:1:{s:6:"_flas...')
#17 /var/www/vendor/laravel/framework/src/Illuminate/Session/Middleware/StartSession.php(88): Illuminate\Session\Store->save()
#18 /var/www/vendor/laravel/framework/src/Illuminate/Foundation/Http/Kernel.php(216): Illuminate\Session\Middleware\StartSession->terminate(Object(Illuminate\Http\Request), Object(Illuminate\Http\Response))
#19 /var/www/vendor/laravel/framework/src/Illuminate/Foundation/Http/Kernel.php(187): Illuminate\Foundation\Http\Kernel->terminateMiddleware(Object(Illuminate\Http\Request), Object(Illuminate\Http\Response))
#20 /var/www/public/index.php(58): Illuminate\Foundation\Http\Kernel->terminate(Object(Illuminate\Http\Request), Object(Illuminate\Http\Response))
#21 {main}  
[2017-04-03 05:19:30] local.ERROR: Predis\Connection\ConnectionException: Connection refused [tcp://127.0.0.1:6379] in /var/www/vendor/predis/predis/src/Connection/AbstractConnection.php:155
Stack trace:
#0 /var/www/vendor/predis/predis/src/Connection/StreamConnection.php(128): Predis\Connection\AbstractConnection->onConnectionError('Connection refu...', 111)
#1 /var/www/vendor/predis/predis/src/Connection/StreamConnection.php(178): Predis\Connection\StreamConnection->createStreamSocket(Object(Predis\Connection\Parameters), 'tcp://127.0.0.1...', 4)
#2 /var/www/vendor/predis/predis/src/Connection/StreamConnection.php(100): Predis\Connection\StreamConnection->tcpStreamInitializer(Object(Predis\Connection\Parameters))
#3 /var/www/vendor/predis/predis/src/Connection/AbstractConnection.php(81): Predis\Connection\StreamConnection->createResource()
#4 /var/www/vendor/predis/predis/src/Connection/StreamConnection.php(258): Predis\Connection\AbstractConnection->connect()
#5 /var/www/vendor/predis/predis/src/Connection/AbstractConnection.php(180): Predis\Connection\StreamConnection->connect()
#6 /var/www/vendor/predis/predis/src/Connection/StreamConnection.php(288): Predis\Connection\AbstractConnection->getResource()
#7 /var/www/vendor/predis/predis/src/Connection/StreamConnection.php(394): Predis\Connection\StreamConnection->write('*2\r\n$3\r\nGET\r\n$4...')
#8 /var/www/vendor/predis/predis/src/Connection/AbstractConnection.php(110): Predis\Connection\StreamConnection->writeRequest(Object(Predis\Command\StringGet))
#9 /var/www/vendor/predis/predis/src/Client.php(331): Predis\Connection\AbstractConnection->executeCommand(Object(Predis\Command\StringGet))
#10 /var/www/vendor/predis/predis/src/Client.php(314): Predis\Client->executeCommand(Object(Predis\Command\StringGet))
#11 /var/www/vendor/laravel/framework/src/Illuminate/Redis/Connections/Connection.php(69): Predis\Client->__call('get', Array)
#12 /var/www/vendor/laravel/framework/src/Illuminate/Redis/Connections/Connection.php(81): Illuminate\Redis\Connections\Connection->command('get', Array)
#13 /var/www/vendor/laravel/framework/src/Illuminate/Cache/RedisStore.php(54): Illuminate\Redis\Connections\Connection->__call('get', Array)
#14 /var/www/vendor/laravel/framework/src/Illuminate/Cache/Repository.php(81): Illuminate\Cache\RedisStore->get('JiWlmdyXVRQ7FUS...')
#15 /var/www/vendor/laravel/framework/src/Illuminate/Session/CacheBasedSessionHandler.php(58): Illuminate\Cache\Repository->get('JiWlmdyXVRQ7FUS...', '')
#16 /var/www/vendor/laravel/framework/src/Illuminate/Session/Store.php(96): Illuminate\Session\CacheBasedSessionHandler->read('JiWlmdyXVRQ7FUS...')
#17 /var/www/vendor/laravel/framework/src/Illuminate/Session/Store.php(86): Illuminate\Session\Store->readFromHandler()
#18 /var/www/vendor/laravel/framework/src/Illuminate/Session/Store.php(70): Illuminate\Session\Store->loadSession()
#19 /var/www/vendor/laravel/framework/src/Illuminate/Session/Middleware/StartSession.php(103): Illuminate\Session\Store->start()
#20 /var/www/vendor/laravel/framework/src/Illuminate/Support/helpers.php(878): Illuminate\Session\Middleware\StartSession->Illuminate\Session\Middleware\{closure}(Object(Illuminate\Session\Store))
#21 /var/www/vendor/laravel/framework/src/Illuminate/Session/Middleware/StartSession.php(104): tap(Object(Illuminate\Session\Store), Object(Closure))
#22 /var/www/vendor/laravel/framework/src/Illuminate/Session/Middleware/StartSession.php(58): Illuminate\Session\Middleware\StartSession->startSession(Object(Illuminate\Http\Request))
#23 /var/www/vendor/laravel/framework/src/Illuminate/Pipeline/Pipeline.php(148): Illuminate\Session\Middleware\StartSession->handle(Object(Illuminate\Http\Request), Object(Closure))
#24 /var/www/vendor/laravel/framework/src/Illuminate/Routing/Pipeline.php(53): Illuminate\Pipeline\Pipeline->Illuminate\Pipeline\{closure}(Object(Illuminate\Http\Request))
#25 /var/www/vendor/laravel/framework/src/Illuminate/Cookie/Middleware/AddQueuedCookiesToResponse.php(37): Illuminate\Routing\Pipeline->Illuminate\Routing\{closure}(Object(Illuminate\Http\Request))
#26 /var/www/vendor/laravel/framework/src/Illuminate/Pipeline/Pipeline.php(148): Illuminate\Cookie\Middleware\AddQueuedCookiesToResponse->handle(Object(Illuminate\Http\Request), Object(Closure))
#27 /var/www/vendor/laravel/framework/src/Illuminate/Routing/Pipeline.php(53): Illuminate\Pipeline\Pipeline->Illuminate\Pipeline\{closure}(Object(Illuminate\Http\Request))
#28 /var/www/vendor/laravel/framework/src/Illuminate/Cookie/Middleware/EncryptCookies.php(59): Illuminate\Routing\Pipeline->Illuminate\Routing\{closure}(Object(Illuminate\Http\Request))
#29 /var/www/vendor/laravel/framework/src/Illuminate/Pipeline/Pipeline.php(148): Illuminate\Cookie\Middleware\EncryptCookies->handle(Object(Illuminate\Http\Request), Object(Closure))
#30 /var/www/vendor/laravel/framework/src/Illuminate/Routing/Pipeline.php(53): Illuminate\Pipeline\Pipeline->Illuminate\Pipeline\{closure}(Object(Illuminate\Http\Request))
#31 /var/www/vendor/laravel/framework/src/Illuminate/Pipeline/Pipeline.php(102): Illuminate\Routing\Pipeline->Illuminate\Routing\{closure}(Object(Illuminate\Http\Request))
#32 /var/www/vendor/laravel/framework/src/Illuminate/Routing/Router.php(561): Illuminate\Pipeline\Pipeline->then(Object(Closure))
#33 /var/www/vendor/laravel/framework/src/Illuminate/Routing/Router.php(520): Illuminate\Routing\Router->runRouteWithinStack(Object(Illuminate\Routing\Route), Object(Illuminate\Http\Request))
#34 /var/www/vendor/laravel/framework/src/Illuminate/Routing/Router.php(498): Illuminate\Routing\Router->dispatchToRoute(Object(Illuminate\Http\Request))
#35 /var/www/vendor/laravel/framework/src/Illuminate/Foundation/Http/Kernel.php(174): Illuminate\Routing\Router->dispatch(Object(Illuminate\Http\Request))
#36 /var/www/vendor/laravel/framework/src/Illuminate/Routing/Pipeline.php(30): Illuminate\Foundation\Http\Kernel->Illuminate\Foundation\Http\{closure}(Object(Illuminate\Http\Request))
#37 /var/www/vendor/laravel/framework/src/Illuminate/Foundation/Http/Middleware/TransformsRequest.php(30): Illuminate\Routing\Pipeline->Illuminate\Routing\{closure}(Object(Illuminate\Http\Request))
#38 /var/www/vendor/laravel/framework/src/Illuminate/Pipeline/Pipeline.php(148): Illuminate\Foundation\Http\Middleware\TransformsRequest->handle(Object(Illuminate\Http\Request), Object(Closure))
#39 /var/www/vendor/laravel/framework/src/Illuminate/Routing/Pipeline.php(53): Illuminate\Pipeline\Pipeline->Illuminate\Pipeline\{closure}(Object(Illuminate\Http\Request))
#40 /var/www/vendor/laravel/framework/src/Illuminate/Foundation/Http/Middleware/TransformsRequest.php(30): Illuminate\Routing\Pipeline->Illuminate\Routing\{closure}(Object(Illuminate\Http\Request))
#41 /var/www/vendor/laravel/framework/src/Illuminate/Pipeline/Pipeline.php(148): Illuminate\Foundation\Http\Middleware\TransformsRequest->handle(Object(Illuminate\Http\Request), Object(Closure))
#42 /var/www/vendor/laravel/framework/src/Illuminate/Routing/Pipeline.php(53): Illuminate\Pipeline\Pipeline->Illuminate\Pipeline\{closure}(Object(Illuminate\Http\Request))
#43 /var/www/vendor/laravel/framework/src/Illuminate/Foundation/Http/Middleware/ValidatePostSize.php(27): Illuminate\Routing\Pipeline->Illuminate\Routing\{closure}(Object(Illuminate\Http\Request))
#44 /var/www/vendor/laravel/framework/src/Illuminate/Pipeline/Pipeline.php(148): Illuminate\Foundation\Http\Middleware\ValidatePostSize->handle(Object(Illuminate\Http\Request), Object(Closure))
#45 /var/www/vendor/laravel/framework/src/Illuminate/Routing/Pipeline.php(53): Illuminate\Pipeline\Pipeline->Illuminate\Pipeline\{closure}(Object(Illuminate\Http\Request))
#46 /var/www/vendor/laravel/framework/src/Illuminate/Foundation/Http/Middleware/CheckForMaintenanceMode.php(46): Illuminate\Routing\Pipeline->Illuminate\Routing\{closure}(Object(Illuminate\Http\Request))
#47 /var/www/vendor/laravel/framework/src/Illuminate/Pipeline/Pipeline.php(148): Illuminate\Foundation\Http\Middleware\CheckForMaintenanceMode->handle(Object(Illuminate\Http\Request), Object(Closure))
#48 /var/www/vendor/laravel/framework/src/Illuminate/Routing/Pipeline.php(53): Illuminate\Pipeline\Pipeline->Illuminate\Pipeline\{closure}(Object(Illuminate\Http\Request))
#49 /var/www/vendor/laravel/framework/src/Illuminate/Pipeline/Pipeline.php(102): Illuminate\Routing\Pipeline->Illuminate\Routing\{closure}(Object(Illuminate\Http\Request))
#50 /var/www/vendor/laravel/framework/src/Illuminate/Foundation/Http/Kernel.php(149): Illuminate\Pipeline\Pipeline->then(Object(Closure))
#51 /var/www/vendor/laravel/framework/src/Illuminate/Foundation/Http/Kernel.php(116): Illuminate\Foundation\Http\Kernel->sendRequestThroughRouter(Object(Illuminate\Http\Request))
#52 /var/www/public/index.php(53): Illuminate\Foundation\Http\Kernel->handle(Object(Illuminate\Http\Request))
#53 {main}  
[2017-04-03 05:19:30] local.ERROR: Predis\Connection\ConnectionException: Connection refused [tcp://127.0.0.1:6379] in /var/www/vendor/predis/predis/src/Connection/AbstractConnection.php:155
Stack trace:
#0 /var/www/vendor/predis/predis/src/Connection/StreamConnection.php(128): Predis\Connection\AbstractConnection->onConnectionError('Connection refu...', 111)
#1 /var/www/vendor/predis/predis/src/Connection/StreamConnection.php(178): Predis\Connection\StreamConnection->createStreamSocket(Object(Predis\Connection\Parameters), 'tcp://127.0.0.1...', 4)
#2 /var/www/vendor/predis/predis/src/Connection/StreamConnection.php(100): Predis\Connection\StreamConnection->tcpStreamInitializer(Object(Predis\Connection\Parameters))
#3 /var/www/vendor/predis/predis/src/Connection/AbstractConnection.php(81): Predis\Connection\StreamConnection->createResource()
#4 /var/www/vendor/predis/predis/src/Connection/StreamConnection.php(258): Predis\Connection\AbstractConnection->connect()
#5 /var/www/vendor/predis/predis/src/Connection/AbstractConnection.php(180): Predis\Connection\StreamConnection->connect()
#6 /var/www/vendor/predis/predis/src/Connection/StreamConnection.php(288): Predis\Connection\AbstractConnection->getResource()
#7 /var/www/vendor/predis/predis/src/Connection/StreamConnection.php(394): Predis\Connection\StreamConnection->write('*4\r\n$5\r\nSETEX\r\n...')
#8 /var/www/vendor/predis/predis/src/Connection/AbstractConnection.php(110): Predis\Connection\StreamConnection->writeRequest(Object(Predis\Command\StringSetExpire))
#9 /var/www/vendor/predis/predis/src/Client.php(331): Predis\Connection\AbstractConnection->executeCommand(Object(Predis\Command\StringSetExpire))
#10 /var/www/vendor/predis/predis/src/Client.php(314): Predis\Client->executeCommand(Object(Predis\Command\StringSetExpire))
#11 /var/www/vendor/laravel/framework/src/Illuminate/Redis/Connections/Connection.php(69): Predis\Client->__call('setex', Array)
#12 /var/www/vendor/laravel/framework/src/Illuminate/Redis/Connections/Connection.php(81): Illuminate\Redis\Connections\Connection->command('setex', Array)
#13 /var/www/vendor/laravel/framework/src/Illuminate/Cache/RedisStore.php(93): Illuminate\Redis\Connections\Connection->__call('setex', Array)
#14 /var/www/vendor/laravel/framework/src/Illuminate/Cache/Repository.php(172): Illuminate\Cache\RedisStore->put('JiWlmdyXVRQ7FUS...', 'a:1:{s:6:"_flas...', 120)
#15 /var/www/vendor/laravel/framework/src/Illuminate/Session/CacheBasedSessionHandler.php(66): Illuminate\Cache\Repository->put('JiWlmdyXVRQ7FUS...', 'a:1:{s:6:"_flas...', 120)
#16 /var/www/vendor/laravel/framework/src/Illuminate/Session/Store.php(128): Illuminate\Session\CacheBasedSessionHandler->write('JiWlmdyXVRQ7FUS...', 'a:1:{s:6:"_flas...')
#17 /var/www/vendor/laravel/framework/src/Illuminate/Session/Middleware/StartSession.php(88): Illuminate\Session\Store->save()
#18 /var/www/vendor/laravel/framework/src/Illuminate/Foundation/Http/Kernel.php(216): Illuminate\Session\Middleware\StartSession->terminate(Object(Illuminate\Http\Request), Object(Illuminate\Http\Response))
#19 /var/www/vendor/laravel/framework/src/Illuminate/Foundation/Http/Kernel.php(187): Illuminate\Foundation\Http\Kernel->terminateMiddleware(Object(Illuminate\Http\Request), Object(Illuminate\Http\Response))
#20 /var/www/public/index.php(58): Illuminate\Foundation\Http\Kernel->terminate(Object(Illuminate\Http\Request), Object(Illuminate\Http\Response))
#21 {main}  
[2017-04-03 05:19:45] local.ERROR: Predis\Connection\ConnectionException: Connection refused [tcp://127.0.0.1:6379] in /var/www/vendor/predis/predis/src/Connection/AbstractConnection.php:155
Stack trace:
#0 /var/www/vendor/predis/predis/src/Connection/StreamConnection.php(128): Predis\Connection\AbstractConnection->onConnectionError('Connection refu...', 111)
#1 /var/www/vendor/predis/predis/src/Connection/StreamConnection.php(178): Predis\Connection\StreamConnection->createStreamSocket(Object(Predis\Connection\Parameters), 'tcp://127.0.0.1...', 4)
#2 /var/www/vendor/predis/predis/src/Connection/StreamConnection.php(100): Predis\Connection\StreamConnection->tcpStreamInitializer(Object(Predis\Connection\Parameters))
#3 /var/www/vendor/predis/predis/src/Connection/AbstractConnection.php(81): Predis\Connection\StreamConnection->createResource()
#4 /var/www/vendor/predis/predis/src/Connection/StreamConnection.php(258): Predis\Connection\AbstractConnection->connect()
#5 /var/www/vendor/predis/predis/src/Connection/AbstractConnection.php(180): Predis\Connection\StreamConnection->connect()
#6 /var/www/vendor/predis/predis/src/Connection/StreamConnection.php(288): Predis\Connection\AbstractConnection->getResource()
#7 /var/www/vendor/predis/predis/src/Connection/StreamConnection.php(394): Predis\Connection\StreamConnection->write('*2\r\n$3\r\nGET\r\n$4...')
#8 /var/www/vendor/predis/predis/src/Connection/AbstractConnection.php(110): Predis\Connection\StreamConnection->writeRequest(Object(Predis\Command\StringGet))
#9 /var/www/vendor/predis/predis/src/Client.php(331): Predis\Connection\AbstractConnection->executeCommand(Object(Predis\Command\StringGet))
#10 /var/www/vendor/predis/predis/src/Client.php(314): Predis\Client->executeCommand(Object(Predis\Command\StringGet))
#11 /var/www/vendor/laravel/framework/src/Illuminate/Redis/Connections/Connection.php(69): Predis\Client->__call('get', Array)
#12 /var/www/vendor/laravel/framework/src/Illuminate/Redis/Connections/Connection.php(81): Illuminate\Redis\Connections\Connection->command('get', Array)
#13 /var/www/vendor/laravel/framework/src/Illuminate/Cache/RedisStore.php(54): Illuminate\Redis\Connections\Connection->__call('get', Array)
#14 /var/www/vendor/laravel/framework/src/Illuminate/Cache/Repository.php(81): Illuminate\Cache\RedisStore->get('b1avtOuDxKxOmID...')
#15 /var/www/vendor/laravel/framework/src/Illuminate/Session/CacheBasedSessionHandler.php(58): Illuminate\Cache\Repository->get('b1avtOuDxKxOmID...', '')
#16 /var/www/vendor/laravel/framework/src/Illuminate/Session/Store.php(96): Illuminate\Session\CacheBasedSessionHandler->read('b1avtOuDxKxOmID...')
#17 /var/www/vendor/laravel/framework/src/Illuminate/Session/Store.php(86): Illuminate\Session\Store->readFromHandler()
#18 /var/www/vendor/laravel/framework/src/Illuminate/Session/Store.php(70): Illuminate\Session\Store->loadSession()
#19 /var/www/vendor/laravel/framework/src/Illuminate/Session/Middleware/StartSession.php(103): Illuminate\Session\Store->start()
#20 /var/www/vendor/laravel/framework/src/Illuminate/Support/helpers.php(878): Illuminate\Session\Middleware\StartSession->Illuminate\Session\Middleware\{closure}(Object(Illuminate\Session\Store))
#21 /var/www/vendor/laravel/framework/src/Illuminate/Session/Middleware/StartSession.php(104): tap(Object(Illuminate\Session\Store), Object(Closure))
#22 /var/www/vendor/laravel/framework/src/Illuminate/Session/Middleware/StartSession.php(58): Illuminate\Session\Middleware\StartSession->startSession(Object(Illuminate\Http\Request))
#23 /var/www/vendor/laravel/framework/src/Illuminate/Pipeline/Pipeline.php(148): Illuminate\Session\Middleware\StartSession->handle(Object(Illuminate\Http\Request), Object(Closure))
#24 /var/www/vendor/laravel/framework/src/Illuminate/Routing/Pipeline.php(53): Illuminate\Pipeline\Pipeline->Illuminate\Pipeline\{closure}(Object(Illuminate\Http\Request))
#25 /var/www/vendor/laravel/framework/src/Illuminate/Cookie/Middleware/AddQueuedCookiesToResponse.php(37): Illuminate\Routing\Pipeline->Illuminate\Routing\{closure}(Object(Illuminate\Http\Request))
#26 /var/www/vendor/laravel/framework/src/Illuminate/Pipeline/Pipeline.php(148): Illuminate\Cookie\Middleware\AddQueuedCookiesToResponse->handle(Object(Illuminate\Http\Request), Object(Closure))
#27 /var/www/vendor/laravel/framework/src/Illuminate/Routing/Pipeline.php(53): Illuminate\Pipeline\Pipeline->Illuminate\Pipeline\{closure}(Object(Illuminate\Http\Request))
#28 /var/www/vendor/laravel/framework/src/Illuminate/Cookie/Middleware/EncryptCookies.php(59): Illuminate\Routing\Pipeline->Illuminate\Routing\{closure}(Object(Illuminate\Http\Request))
#29 /var/www/vendor/laravel/framework/src/Illuminate/Pipeline/Pipeline.php(148): Illuminate\Cookie\Middleware\EncryptCookies->handle(Object(Illuminate\Http\Request), Object(Closure))
#30 /var/www/vendor/laravel/framework/src/Illuminate/Routing/Pipeline.php(53): Illuminate\Pipeline\Pipeline->Illuminate\Pipeline\{closure}(Object(Illuminate\Http\Request))
#31 /var/www/vendor/laravel/framework/src/Illuminate/Pipeline/Pipeline.php(102): Illuminate\Routing\Pipeline->Illuminate\Routing\{closure}(Object(Illuminate\Http\Request))
#32 /var/www/vendor/laravel/framework/src/Illuminate/Routing/Router.php(561): Illuminate\Pipeline\Pipeline->then(Object(Closure))
#33 /var/www/vendor/laravel/framework/src/Illuminate/Routing/Router.php(520): Illuminate\Routing\Router->runRouteWithinStack(Object(Illuminate\Routing\Route), Object(Illuminate\Http\Request))
#34 /var/www/vendor/laravel/framework/src/Illuminate/Routing/Router.php(498): Illuminate\Routing\Router->dispatchToRoute(Object(Illuminate\Http\Request))
#35 /var/www/vendor/laravel/framework/src/Illuminate/Foundation/Http/Kernel.php(174): Illuminate\Routing\Router->dispatch(Object(Illuminate\Http\Request))
#36 /var/www/vendor/laravel/framework/src/Illuminate/Routing/Pipeline.php(30): Illuminate\Foundation\Http\Kernel->Illuminate\Foundation\Http\{closure}(Object(Illuminate\Http\Request))
#37 /var/www/vendor/laravel/framework/src/Illuminate/Foundation/Http/Middleware/TransformsRequest.php(30): Illuminate\Routing\Pipeline->Illuminate\Routing\{closure}(Object(Illuminate\Http\Request))
#38 /var/www/vendor/laravel/framework/src/Illuminate/Pipeline/Pipeline.php(148): Illuminate\Foundation\Http\Middleware\TransformsRequest->handle(Object(Illuminate\Http\Request), Object(Closure))
#39 /var/www/vendor/laravel/framework/src/Illuminate/Routing/Pipeline.php(53): Illuminate\Pipeline\Pipeline->Illuminate\Pipeline\{closure}(Object(Illuminate\Http\Request))
#40 /var/www/vendor/laravel/framework/src/Illuminate/Foundation/Http/Middleware/TransformsRequest.php(30): Illuminate\Routing\Pipeline->Illuminate\Routing\{closure}(Object(Illuminate\Http\Request))
#41 /var/www/vendor/laravel/framework/src/Illuminate/Pipeline/Pipeline.php(148): Illuminate\Foundation\Http\Middleware\TransformsRequest->handle(Object(Illuminate\Http\Request), Object(Closure))
#42 /var/www/vendor/laravel/framework/src/Illuminate/Routing/Pipeline.php(53): Illuminate\Pipeline\Pipeline->Illuminate\Pipeline\{closure}(Object(Illuminate\Http\Request))
#43 /var/www/vendor/laravel/framework/src/Illuminate/Foundation/Http/Middleware/ValidatePostSize.php(27): Illuminate\Routing\Pipeline->Illuminate\Routing\{closure}(Object(Illuminate\Http\Request))
#44 /var/www/vendor/laravel/framework/src/Illuminate/Pipeline/Pipeline.php(148): Illuminate\Foundation\Http\Middleware\ValidatePostSize->handle(Object(Illuminate\Http\Request), Object(Closure))
#45 /var/www/vendor/laravel/framework/src/Illuminate/Routing/Pipeline.php(53): Illuminate\Pipeline\Pipeline->Illuminate\Pipeline\{closure}(Object(Illuminate\Http\Request))
#46 /var/www/vendor/laravel/framework/src/Illuminate/Foundation/Http/Middleware/CheckForMaintenanceMode.php(46): Illuminate\Routing\Pipeline->Illuminate\Routing\{closure}(Object(Illuminate\Http\Request))
#47 /var/www/vendor/laravel/framework/src/Illuminate/Pipeline/Pipeline.php(148): Illuminate\Foundation\Http\Middleware\CheckForMaintenanceMode->handle(Object(Illuminate\Http\Request), Object(Closure))
#48 /var/www/vendor/laravel/framework/src/Illuminate/Routing/Pipeline.php(53): Illuminate\Pipeline\Pipeline->Illuminate\Pipeline\{closure}(Object(Illuminate\Http\Request))
#49 /var/www/vendor/laravel/framework/src/Illuminate/Pipeline/Pipeline.php(102): Illuminate\Routing\Pipeline->Illuminate\Routing\{closure}(Object(Illuminate\Http\Request))
#50 /var/www/vendor/laravel/framework/src/Illuminate/Foundation/Http/Kernel.php(149): Illuminate\Pipeline\Pipeline->then(Object(Closure))
#51 /var/www/vendor/laravel/framework/src/Illuminate/Foundation/Http/Kernel.php(116): Illuminate\Foundation\Http\Kernel->sendRequestThroughRouter(Object(Illuminate\Http\Request))
#52 /var/www/public/index.php(53): Illuminate\Foundation\Http\Kernel->handle(Object(Illuminate\Http\Request))
#53 {main}  
[2017-04-03 05:19:45] local.ERROR: Predis\Connection\ConnectionException: Connection refused [tcp://127.0.0.1:6379] in /var/www/vendor/predis/predis/src/Connection/AbstractConnection.php:155
Stack trace:
#0 /var/www/vendor/predis/predis/src/Connection/StreamConnection.php(128): Predis\Connection\AbstractConnection->onConnectionError('Connection refu...', 111)
#1 /var/www/vendor/predis/predis/src/Connection/StreamConnection.php(178): Predis\Connection\StreamConnection->createStreamSocket(Object(Predis\Connection\Parameters), 'tcp://127.0.0.1...', 4)
#2 /var/www/vendor/predis/predis/src/Connection/StreamConnection.php(100): Predis\Connection\StreamConnection->tcpStreamInitializer(Object(Predis\Connection\Parameters))
#3 /var/www/vendor/predis/predis/src/Connection/AbstractConnection.php(81): Predis\Connection\StreamConnection->createResource()
#4 /var/www/vendor/predis/predis/src/Connection/StreamConnection.php(258): Predis\Connection\AbstractConnection->connect()
#5 /var/www/vendor/predis/predis/src/Connection/AbstractConnection.php(180): Predis\Connection\StreamConnection->connect()
#6 /var/www/vendor/predis/predis/src/Connection/StreamConnection.php(288): Predis\Connection\AbstractConnection->getResource()
#7 /var/www/vendor/predis/predis/src/Connection/StreamConnection.php(394): Predis\Connection\StreamConnection->write('*4\r\n$5\r\nSETEX\r\n...')
#8 /var/www/vendor/predis/predis/src/Connection/AbstractConnection.php(110): Predis\Connection\StreamConnection->writeRequest(Object(Predis\Command\StringSetExpire))
#9 /var/www/vendor/predis/predis/src/Client.php(331): Predis\Connection\AbstractConnection->executeCommand(Object(Predis\Command\StringSetExpire))
#10 /var/www/vendor/predis/predis/src/Client.php(314): Predis\Client->executeCommand(Object(Predis\Command\StringSetExpire))
#11 /var/www/vendor/laravel/framework/src/Illuminate/Redis/Connections/Connection.php(69): Predis\Client->__call('setex', Array)
#12 /var/www/vendor/laravel/framework/src/Illuminate/Redis/Connections/Connection.php(81): Illuminate\Redis\Connections\Connection->command('setex', Array)
#13 /var/www/vendor/laravel/framework/src/Illuminate/Cache/RedisStore.php(93): Illuminate\Redis\Connections\Connection->__call('setex', Array)
#14 /var/www/vendor/laravel/framework/src/Illuminate/Cache/Repository.php(172): Illuminate\Cache\RedisStore->put('b1avtOuDxKxOmID...', 'a:1:{s:6:"_flas...', 120)
#15 /var/www/vendor/laravel/framework/src/Illuminate/Session/CacheBasedSessionHandler.php(66): Illuminate\Cache\Repository->put('b1avtOuDxKxOmID...', 'a:1:{s:6:"_flas...', 120)
#16 /var/www/vendor/laravel/framework/src/Illuminate/Session/Store.php(128): Illuminate\Session\CacheBasedSessionHandler->write('b1avtOuDxKxOmID...', 'a:1:{s:6:"_flas...')
#17 /var/www/vendor/laravel/framework/src/Illuminate/Session/Middleware/StartSession.php(88): Illuminate\Session\Store->save()
#18 /var/www/vendor/laravel/framework/src/Illuminate/Foundation/Http/Kernel.php(216): Illuminate\Session\Middleware\StartSession->terminate(Object(Illuminate\Http\Request), Object(Illuminate\Http\Response))
#19 /var/www/vendor/laravel/framework/src/Illuminate/Foundation/Http/Kernel.php(187): Illuminate\Foundation\Http\Kernel->terminateMiddleware(Object(Illuminate\Http\Request), Object(Illuminate\Http\Response))
#20 /var/www/public/index.php(58): Illuminate\Foundation\Http\Kernel->terminate(Object(Illuminate\Http\Request), Object(Illuminate\Http\Response))
#21 {main}  
